# JRE version: OpenJDK Runtime Environment (17.0.10) (build 17.0.10+0--11609105)
# Java VM: OpenJDK 64-Bit Server VM (17.0.10+0--11609105, mixed mode, tiered, compressed oops, compressed class ptrs, g1 gc, windows-amd64)
GC Precious Log:
 CPUs: 4 total, 4 available
 Memory: 2934M
 Large Page Support: Disabled
 NUMA Support: Disabled
 Compressed Oops: Enabled (32-bit)
 Heap Region Size: 1M
 Heap Min Capacity: 8M
 Heap Initial Capacity: 46M
 Heap Max Capacity: 2G
 Pre-touch: Disabled
 Parallel Workers: 4
 Concurrent Workers: 1
 Concurrent Refinement Workers: 4
 Periodic GC: Disabled
Heap:
 garbage-first heap   total 580608K, used 190052K [0x0000000080000000, 0x0000000100000000)
  region size 1024K, 4 young (4096K), 4 survivors (4096K)
 Metaspace       used 165105K, committed 166272K, reserved 1245184K
  class space    used 21707K, committed 22272K, reserved 1048576K
GC Heap History (20 events):
Event: 1158.550 GC heap after
{Heap after GC invocations=91 (full 0):
 garbage-first heap   total 331776K, used 201102K [0x0000000080000000, 0x0000000100000000)
  region size 1024K, 2 young (2048K), 2 survivors (2048K)
 Metaspace       used 163110K, committed 164160K, reserved 1245184K
  class space    used 21491K, committed 22016K, reserved 1048576K
}
Event: 1161.696 GC heap before
{Heap before GC invocations=91 (full 0):
 garbage-first heap   total 331776K, used 215438K [0x0000000080000000, 0x0000000100000000)
  region size 1024K, 16 young (16384K), 2 survivors (2048K)
 Metaspace       used 163160K, committed 164224K, reserved 1245184K
  class space    used 21491K, committed 22016K, reserved 1048576K
}
Event: 1162.538 GC heap after
{Heap after GC invocations=92 (full 0):
 garbage-first heap   total 331776K, used 201862K [0x0000000080000000, 0x0000000100000000)
  region size 1024K, 1 young (1024K), 1 survivors (1024K)
 Metaspace       used 163160K, committed 164224K, reserved 1245184K
  class space    used 21491K, committed 22016K, reserved 1048576K
}
Event: 1163.944 GC heap before
{Heap before GC invocations=92 (full 0):
 garbage-first heap   total 331776K, used 217222K [0x0000000080000000, 0x0000000100000000)
  region size 1024K, 16 young (16384K), 1 survivors (1024K)
 Metaspace       used 163165K, committed 164224K, reserved 1245184K
  class space    used 21491K, committed 22016K, reserved 1048576K
}
Event: 1165.901 GC heap after
{Heap after GC invocations=93 (full 0):
 garbage-first heap   total 710656K, used 202483K [0x0000000080000000, 0x0000000100000000)
  region size 1024K, 2 young (2048K), 2 survivors (2048K)
 Metaspace       used 163165K, committed 164224K, reserved 1245184K
  class space    used 21491K, committed 22016K, reserved 1048576K
}
Event: 1168.640 GC heap before
{Heap before GC invocations=93 (full 0):
 garbage-first heap   total 710656K, used 235251K [0x0000000080000000, 0x0000000100000000)
  region size 1024K, 34 young (34816K), 2 survivors (2048K)
 Metaspace       used 163173K, committed 164224K, reserved 1245184K
  class space    used 21491K, committed 22016K, reserved 1048576K
}
Event: 1168.682 GC heap after
{Heap after GC invocations=94 (full 0):
 garbage-first heap   total 710656K, used 205125K [0x0000000080000000, 0x0000000100000000)
  region size 1024K, 4 young (4096K), 4 survivors (4096K)
 Metaspace       used 163173K, committed 164224K, reserved 1245184K
  class space    used 21491K, committed 22016K, reserved 1048576K
}
Event: 1195.008 GC heap before
{Heap before GC invocations=94 (full 0):
 garbage-first heap   total 710656K, used 235845K [0x0000000080000000, 0x0000000100000000)
  region size 1024K, 34 young (34816K), 4 survivors (4096K)
 Metaspace       used 163295K, committed 164288K, reserved 1245184K
  class space    used 21509K, committed 22016K, reserved 1048576K
}
Event: 1195.756 GC heap after
{Heap after GC invocations=95 (full 0):
 garbage-first heap   total 710656K, used 206476K [0x0000000080000000, 0x0000000100000000)
  region size 1024K, 2 young (2048K), 2 survivors (2048K)
 Metaspace       used 163295K, committed 164288K, reserved 1245184K
  class space    used 21509K, committed 22016K, reserved 1048576K
}
Event: 1222.771 GC heap before
{Heap before GC invocations=95 (full 0):
 garbage-first heap   total 710656K, used 208524K [0x0000000080000000, 0x0000000100000000)
  region size 1024K, 5 young (5120K), 2 survivors (2048K)
 Metaspace       used 163416K, committed 164480K, reserved 1245184K
  class space    used 21534K, committed 22016K, reserved 1048576K
}
Event: 1287.287 GC heap after
{Heap after GC invocations=96 (full 1):
 garbage-first heap   total 580608K, used 171795K [0x0000000080000000, 0x0000000100000000)
  region size 1024K, 0 young (0K), 0 survivors (0K)
 Metaspace       used 163416K, committed 164480K, reserved 1245184K
  class space    used 21534K, committed 22016K, reserved 1048576K
}
Event: 1317.250 GC heap before
{Heap before GC invocations=96 (full 1):
 garbage-first heap   total 580608K, used 199443K [0x0000000080000000, 0x0000000100000000)
  region size 1024K, 28 young (28672K), 0 survivors (0K)
 Metaspace       used 164210K, committed 165312K, reserved 1245184K
  class space    used 21613K, committed 22144K, reserved 1048576K
}
Event: 1317.418 GC heap after
{Heap after GC invocations=97 (full 1):
 garbage-first heap   total 580608K, used 174372K [0x0000000080000000, 0x0000000100000000)
  region size 1024K, 3 young (3072K), 3 survivors (3072K)
 Metaspace       used 164210K, committed 165312K, reserved 1245184K
  class space    used 21613K, committed 22144K, reserved 1048576K
}
Event: 1328.832 GC heap before
{Heap before GC invocations=97 (full 1):
 garbage-first heap   total 580608K, used 199972K [0x0000000080000000, 0x0000000100000000)
  region size 1024K, 28 young (28672K), 3 survivors (3072K)
 Metaspace       used 164532K, committed 165632K, reserved 1245184K
  class space    used 21649K, committed 22144K, reserved 1048576K
}
Event: 1328.996 GC heap after
{Heap after GC invocations=98 (full 1):
 garbage-first heap   total 580608K, used 177522K [0x0000000080000000, 0x0000000100000000)
  region size 1024K, 4 young (4096K), 4 survivors (4096K)
 Metaspace       used 164532K, committed 165632K, reserved 1245184K
  class space    used 21649K, committed 22144K, reserved 1048576K
}
Event: 1335.387 GC heap before
{Heap before GC invocations=98 (full 1):
 garbage-first heap   total 580608K, used 202098K [0x0000000080000000, 0x0000000100000000)
  region size 1024K, 28 young (28672K), 4 survivors (4096K)
 Metaspace       used 164914K, committed 166080K, reserved 1245184K
  class space    used 21687K, committed 22208K, reserved 1048576K
}
Event: 1335.864 GC heap after
{Heap after GC invocations=99 (full 1):
 garbage-first heap   total 580608K, used 181355K [0x0000000080000000, 0x0000000100000000)
  region size 1024K, 4 young (4096K), 4 survivors (4096K)
 Metaspace       used 164914K, committed 166080K, reserved 1245184K
  class space    used 21687K, committed 22208K, reserved 1048576K
}
Event: 1337.219 GC heap before
{Heap before GC invocations=99 (full 1):
 garbage-first heap   total 580608K, used 205931K [0x0000000080000000, 0x0000000100000000)
  region size 1024K, 28 young (28672K), 4 survivors (4096K)
 Metaspace       used 165057K, committed 166272K, reserved 1245184K
  class space    used 21704K, committed 22272K, reserved 1048576K
}
Event: 1337.553 GC heap after
{Heap after GC invocations=100 (full 1):
 garbage-first heap   total 580608K, used 185541K [0x0000000080000000, 0x0000000100000000)
  region size 1024K, 4 young (4096K), 4 survivors (4096K)
 Metaspace       used 165057K, committed 166272K, reserved 1245184K
  class space    used 21704K, committed 22272K, reserved 1048576K
}
Event: 1338.550 GC heap before
{Heap before GC invocations=100 (full 1):
 garbage-first heap   total 580608K, used 210117K [0x0000000080000000, 0x0000000100000000)
  region size 1024K, 28 young (28672K), 4 survivors (4096K)
 Metaspace       used 165105K, committed 166272K, reserved 1245184K
  class space    used 21707K, committed 22272K, reserved 1048576K
}

