# JRE version: OpenJDK Runtime Environment (17.0.10) (build 17.0.10+0--11609105)
# Java VM: OpenJDK 64-Bit Server VM (17.0.10+0--11609105, mixed mode, tiered, compressed oops, compressed class ptrs, g1 gc, windows-amd64)
GC Precious Log:
 CPUs: 4 total, 4 available
 Memory: 2934M
 Large Page Support: Disabled
 NUMA Support: Disabled
 Compressed Oops: Enabled (32-bit)
 Heap Region Size: 1M
 Heap Min Capacity: 8M
 Heap Initial Capacity: 46M
 Heap Max Capacity: 2G
 Pre-touch: Disabled
 Parallel Workers: 4
 Concurrent Workers: 1
 Concurrent Refinement Workers: 4
 Periodic GC: Disabled
Heap:
 garbage-first heap   total 471040K, used 262357K [0x0000000080000000, 0x0000000100000000)
  region size 1024K, 20 young (20480K), 20 survivors (20480K)
 Metaspace       used 150934K, committed 151872K, reserved 1245184K
  class space    used 19831K, committed 20224K, reserved 1048576K
GC Heap History (20 events):
Event: 449.689 GC heap after
{Heap after GC invocations=116 (full 0):
 garbage-first heap   total 471040K, used 270737K [0x0000000080000000, 0x0000000100000000)
  region size 1024K, 10 young (10240K), 10 survivors (10240K)
 Metaspace       used 150904K, committed 151808K, reserved 1245184K
  class space    used 19817K, committed 20224K, reserved 1048576K
}
Event: 451.724 GC heap before
{Heap before GC invocations=116 (full 0):
 garbage-first heap   total 471040K, used 405905K [0x0000000080000000, 0x0000000100000000)
  region size 1024K, 142 young (145408K), 10 survivors (10240K)
 Metaspace       used 150906K, committed 151808K, reserved 1245184K
  class space    used 19817K, committed 20224K, reserved 1048576K
}
Event: 451.748 GC heap after
{Heap after GC invocations=117 (full 0):
 garbage-first heap   total 471040K, used 271248K [0x0000000080000000, 0x0000000100000000)
  region size 1024K, 10 young (10240K), 10 survivors (10240K)
 Metaspace       used 150906K, committed 151808K, reserved 1245184K
  class space    used 19817K, committed 20224K, reserved 1048576K
}
Event: 453.738 GC heap before
{Heap before GC invocations=117 (full 0):
 garbage-first heap   total 471040K, used 409488K [0x0000000080000000, 0x0000000100000000)
  region size 1024K, 145 young (148480K), 10 survivors (10240K)
 Metaspace       used 150907K, committed 151808K, reserved 1245184K
  class space    used 19817K, committed 20224K, reserved 1048576K
}
Event: 453.763 GC heap after
{Heap after GC invocations=118 (full 0):
 garbage-first heap   total 471040K, used 271144K [0x0000000080000000, 0x0000000100000000)
  region size 1024K, 10 young (10240K), 10 survivors (10240K)
 Metaspace       used 150907K, committed 151808K, reserved 1245184K
  class space    used 19817K, committed 20224K, reserved 1048576K
}
Event: 456.267 GC heap before
{Heap before GC invocations=118 (full 0):
 garbage-first heap   total 471040K, used 411432K [0x0000000080000000, 0x0000000100000000)
  region size 1024K, 147 young (150528K), 10 survivors (10240K)
 Metaspace       used 150922K, committed 151872K, reserved 1245184K
  class space    used 19817K, committed 20224K, reserved 1048576K
}
Event: 456.298 GC heap after
{Heap after GC invocations=119 (full 0):
 garbage-first heap   total 471040K, used 271155K [0x0000000080000000, 0x0000000100000000)
  region size 1024K, 10 young (10240K), 10 survivors (10240K)
 Metaspace       used 150922K, committed 151872K, reserved 1245184K
  class space    used 19817K, committed 20224K, reserved 1048576K
}
Event: 483.734 GC heap before
{Heap before GC invocations=120 (full 0):
 garbage-first heap   total 471040K, used 395059K [0x0000000080000000, 0x0000000100000000)
  region size 1024K, 149 young (152576K), 10 survivors (10240K)
 Metaspace       used 150917K, committed 151872K, reserved 1245184K
  class space    used 19816K, committed 20224K, reserved 1048576K
}
Event: 483.856 GC heap after
{Heap after GC invocations=121 (full 0):
 garbage-first heap   total 471040K, used 254345K [0x0000000080000000, 0x0000000100000000)
  region size 1024K, 4 young (4096K), 4 survivors (4096K)
 Metaspace       used 150917K, committed 151872K, reserved 1245184K
  class space    used 19816K, committed 20224K, reserved 1048576K
}
Event: 484.095 GC heap before
{Heap before GC invocations=121 (full 0):
 garbage-first heap   total 471040K, used 273801K [0x0000000080000000, 0x0000000100000000)
  region size 1024K, 23 young (23552K), 4 survivors (4096K)
 Metaspace       used 150917K, committed 151872K, reserved 1245184K
  class space    used 19816K, committed 20224K, reserved 1048576K
}
Event: 484.120 GC heap after
{Heap after GC invocations=122 (full 0):
 garbage-first heap   total 471040K, used 240646K [0x0000000080000000, 0x0000000100000000)
  region size 1024K, 2 young (2048K), 2 survivors (2048K)
 Metaspace       used 150917K, committed 151872K, reserved 1245184K
  class space    used 19816K, committed 20224K, reserved 1048576K
}
Event: 486.189 GC heap before
{Heap before GC invocations=122 (full 0):
 garbage-first heap   total 471040K, used 413702K [0x0000000080000000, 0x0000000100000000)
  region size 1024K, 171 young (175104K), 2 survivors (2048K)
 Metaspace       used 150917K, committed 151872K, reserved 1245184K
  class space    used 19816K, committed 20224K, reserved 1048576K
}
Event: 486.202 GC heap after
{Heap after GC invocations=123 (full 0):
 garbage-first heap   total 471040K, used 241313K [0x0000000080000000, 0x0000000100000000)
  region size 1024K, 3 young (3072K), 3 survivors (3072K)
 Metaspace       used 150917K, committed 151872K, reserved 1245184K
  class space    used 19816K, committed 20224K, reserved 1048576K
}
Event: 488.750 GC heap before
{Heap before GC invocations=123 (full 0):
 garbage-first heap   total 471040K, used 416417K [0x0000000080000000, 0x0000000100000000)
  region size 1024K, 172 young (176128K), 3 survivors (3072K)
 Metaspace       used 150918K, committed 151872K, reserved 1245184K
  class space    used 19816K, committed 20224K, reserved 1048576K
}
Event: 488.772 GC heap after
{Heap after GC invocations=124 (full 0):
 garbage-first heap   total 471040K, used 245404K [0x0000000080000000, 0x0000000100000000)
  region size 1024K, 7 young (7168K), 7 survivors (7168K)
 Metaspace       used 150918K, committed 151872K, reserved 1245184K
  class space    used 19816K, committed 20224K, reserved 1048576K
}
Event: 490.012 GC heap before
{Heap before GC invocations=124 (full 0):
 garbage-first heap   total 471040K, used 410268K [0x0000000080000000, 0x0000000100000000)
  region size 1024K, 169 young (173056K), 7 survivors (7168K)
 Metaspace       used 150933K, committed 151872K, reserved 1245184K
  class space    used 19829K, committed 20224K, reserved 1048576K
}
Event: 490.033 GC heap after
{Heap after GC invocations=125 (full 0):
 garbage-first heap   total 471040K, used 247580K [0x0000000080000000, 0x0000000100000000)
  region size 1024K, 9 young (9216K), 9 survivors (9216K)
 Metaspace       used 150933K, committed 151872K, reserved 1245184K
  class space    used 19829K, committed 20224K, reserved 1048576K
}
Event: 490.959 GC heap before
{Heap before GC invocations=125 (full 0):
 garbage-first heap   total 471040K, used 408348K [0x0000000080000000, 0x0000000100000000)
  region size 1024K, 167 young (171008K), 9 survivors (9216K)
 Metaspace       used 150934K, committed 151872K, reserved 1245184K
  class space    used 19830K, committed 20224K, reserved 1048576K
}
Event: 490.982 GC heap after
{Heap after GC invocations=126 (full 0):
 garbage-first heap   total 471040K, used 251801K [0x0000000080000000, 0x0000000100000000)
  region size 1024K, 13 young (13312K), 13 survivors (13312K)
 Metaspace       used 150934K, committed 151872K, reserved 1245184K
  class space    used 19830K, committed 20224K, reserved 1048576K
}
Event: 492.054 GC heap before
{Heap before GC invocations=126 (full 0):
 garbage-first heap   total 471040K, used 405401K [0x0000000080000000, 0x0000000100000000)
  region size 1024K, 164 young (167936K), 13 survivors (13312K)
 Metaspace       used 150934K, committed 151872K, reserved 1245184K
  class space    used 19831K, committed 20224K, reserved 1048576K
}

